<?xml version="1.0" encoding="UTF-8"?>
<testng-results skipped="0" failed="0" total="2" passed="2">
  <reporter-output>
  </reporter-output>
  <suite name="Default suite" duration-ms="23316" started-at="2021-04-17T20:24:45Z" finished-at="2021-04-17T20:25:08Z">
    <groups>
    </groups>
    <test name="Default test" duration-ms="23316" started-at="2021-04-17T20:24:45Z" finished-at="2021-04-17T20:25:08Z">
      <class name="tests.Browserstack_LoginPage">
        <test-method status="PASS" signature="invokeBrowser()[pri:0, instance:tests.Browserstack_LoginPage@8dbdac1]" name="invokeBrowser" is-config="true" duration-ms="8" started-at="2021-04-17T16:24:45Z" finished-at="2021-04-17T16:24:45Z">
          <reporter-output>
          </reporter-output>
        </test-method> <!-- invokeBrowser -->
        <test-method status="PASS" signature="login(java.lang.String, java.lang.String, java.lang.String)[pri:0, instance:tests.Browserstack_LoginPage@8dbdac1]" name="login" duration-ms="14947" started-at="2021-04-17T16:24:45Z" data-provider="testData" finished-at="2021-04-17T16:25:00Z">
          <params>
            <param index="0">
              <value>
                <![CDATA[TestUser]]>
              </value>
            </param>
            <param index="1">
              <value>
                <![CDATA[TestUser@gmail.com]]>
              </value>
            </param>
            <param index="2">
              <value>
                <![CDATA[TestUserPassword]]>
              </value>
            </param>
          </params>
          <reporter-output>
          </reporter-output>
        </test-method> <!-- login -->
        <test-method status="PASS" signature="login(java.lang.String, java.lang.String, java.lang.String)[pri:0, instance:tests.Browserstack_LoginPage@8dbdac1]" name="login" duration-ms="8343" started-at="2021-04-17T16:25:00Z" data-provider="testData" finished-at="2021-04-17T16:25:08Z">
          <params>
            <param index="0">
              <value>
                <![CDATA[madhu]]>
              </value>
            </param>
            <param index="1">
              <value>
                <![CDATA[madhu.j10@gmail.com]]>
              </value>
            </param>
            <param index="2">
              <value>
                <![CDATA[madhu1@test]]>
              </value>
            </param>
          </params>
          <reporter-output>
          </reporter-output>
        </test-method> <!-- login -->
      </class> <!-- tests.Browserstack_LoginPage -->
    </test> <!-- Default test -->
  </suite> <!-- Default suite -->
</testng-results>
